# JRE version: OpenJDK Runtime Environment (11.0.4+11) (build 11.0.4+11)
# Java VM: OpenJDK 64-Bit Server VM (11.0.4+11, mixed mode, tiered, compressed oops, g1 gc, linux-amd64)
Heap:
 garbage-first heap   total 675840K, used 70283K [0x00000000a6000000, 0x0000000100000000)
  region size 1024K, 1 young (1024K), 1 survivors (1024K)
 Metaspace       used 22772K, capacity 23403K, committed 23680K, reserved 1071104K
  class space    used 2638K, capacity 2887K, committed 2944K, reserved 1048576K
GC Heap History (10 events):
Event: 30.621 GC heap after
{Heap after GC invocations=24 (full 0):
 garbage-first heap   total 225280K, used 61887K [0x00000000a6000000, 0x0000000100000000)
  region size 1024K, 7 young (7168K), 7 survivors (7168K)
 Metaspace       used 22768K, capacity 23397K, committed 23680K, reserved 1071104K
  class space    used 2637K, capacity 2885K, committed 2944K, reserved 1048576K
}
Event: 32.547 GC heap before
{Heap before GC invocations=24 (full 0):
 garbage-first heap   total 225280K, used 164287K [0x00000000a6000000, 0x0000000100000000)
  region size 1024K, 107 young (109568K), 7 survivors (7168K)
 Metaspace       used 22768K, capacity 23397K, committed 23680K, reserved 1071104K
  class space    used 2637K, capacity 2885K, committed 2944K, reserved 1048576K
}
Event: 33.190 GC heap after
{Heap after GC invocations=25 (full 0):
 garbage-first heap   total 225280K, used 64297K [0x00000000a6000000, 0x0000000100000000)
  region size 1024K, 10 young (10240K), 10 survivors (10240K)
 Metaspace       used 22768K, capacity 23397K, committed 23680K, reserved 1071104K
  class space    used 2637K, capacity 2885K, committed 2944K, reserved 1048576K
}
Event: 33.567 GC heap before
{Heap before GC invocations=25 (full 0):
 garbage-first heap   total 225280K, used 65321K [0x00000000a6000000, 0x0000000100000000)
  region size 1024K, 11 young (11264K), 10 survivors (10240K)
 Metaspace       used 22768K, capacity 23397K, committed 23680K, reserved 1071104K
  class space    used 2637K, capacity 2885K, committed 2944K, reserved 1048576K
}
Event: 33.589 GC heap after
{Heap after GC invocations=26 (full 0):
 garbage-first heap   total 225280K, used 65495K [0x00000000a6000000, 0x0000000100000000)
  region size 1024K, 2 young (2048K), 2 survivors (2048K)
 Metaspace       used 22768K, capacity 23397K, committed 23680K, reserved 1071104K
  class space    used 2637K, capacity 2885K, committed 2944K, reserved 1048576K
}
Event: 34.078 GC heap before
{Heap before GC invocations=26 (full 0):
 garbage-first heap   total 225280K, used 167895K [0x00000000a6000000, 0x0000000100000000)
  region size 1024K, 102 young (104448K), 2 survivors (2048K)
 Metaspace       used 22768K, capacity 23397K, committed 23680K, reserved 1071104K
  class space    used 2637K, capacity 2885K, committed 2944K, reserved 1048576K
}
Event: 34.088 GC heap after
{Heap after GC invocations=27 (full 0):
 garbage-first heap   total 225280K, used 67119K [0x00000000a6000000, 0x0000000100000000)
  region size 1024K, 3 young (3072K), 3 survivors (3072K)
 Metaspace       used 22768K, capacity 23397K, committed 23680K, reserved 1071104K
  class space    used 2637K, capacity 2885K, committed 2944K, reserved 1048576K
}
Event: 41.548 GC heap before
{Heap before GC invocations=27 (full 0):
 garbage-first heap   total 225280K, used 175663K [0x00000000a6000000, 0x0000000100000000)
  region size 1024K, 109 young (111616K), 3 survivors (3072K)
 Metaspace       used 22770K, capacity 23400K, committed 23680K, reserved 1071104K
  class space    used 2638K, capacity 2886K, committed 2944K, reserved 1048576K
}
Event: 44.288 GC heap after
{Heap after GC invocations=28 (full 0):
 garbage-first heap   total 225280K, used 69686K [0x00000000a6000000, 0x0000000100000000)
  region size 1024K, 6 young (6144K), 6 survivors (6144K)
 Metaspace       used 22770K, capacity 23400K, committed 23680K, reserved 1071104K
  class space    used 2638K, capacity 2886K, committed 2944K, reserved 1048576K
}
Event: 52.905 GC heap before
{Heap before GC invocations=28 (full 0):
 garbage-first heap   total 225280K, used 74806K [0x00000000a6000000, 0x0000000100000000)
  region size 1024K, 11 young (11264K), 6 survivors (6144K)
 Metaspace       used 22772K, capacity 23403K, committed 23680K, reserved 1071104K
  class space    used 2638K, capacity 2887K, committed 2944K, reserved 1048576K
}

